<?xml version="1.0" encoding="UTF-8"?>
<!-- Generated by org.testng.reporters.JUnitReportReporter -->
<testsuite skipped="0" hostname="DESKTOP-06OUV9F" name="com.mt.modules.Launch" tests="1" failures="0" timestamp="01 Sep 2019 07:49:22 GMT" time="7.618" errors="0">
  <testcase name="executeLaunch" time="7.618" classname="com.mt.modules.Launch"/>
</testsuite> <!-- com.mt.modules.Launch -->
