<?xml version="1.0" encoding="UTF-8"?>
<!-- Generated by org.testng.reporters.JUnitReportReporter -->
<testsuite skipped="0" hostname="DESKTOP-06OUV9F" name="com.mt.modules.Login" tests="1" failures="0" timestamp="01 Sep 2019 07:49:23 GMT" time="13.343" errors="0">
  <testcase name="executeLogin" time="13.343" classname="com.mt.modules.Login"/>
</testsuite> <!-- com.mt.modules.Login -->
