<?xml version="1.0" encoding="UTF-8"?>
<!-- Generated by org.testng.reporters.JUnitReportReporter -->
<testsuite skipped="0" hostname="DESKTOP-06OUV9F" name="com.mt.utility.CloseBrowser" tests="1" failures="0" timestamp="15 Sep 2019 03:04:22 GMT" time="1.099" errors="0">
  <testcase name="closeBrowser" time="1.099" classname="com.mt.utility.CloseBrowser"/>
</testsuite> <!-- com.mt.utility.CloseBrowser -->
