<?xml version="1.0" encoding="UTF-8"?>
<!-- Generated by org.testng.reporters.JUnitReportReporter -->
<testsuite skipped="0" hostname="DESKTOP-06OUV9F" name="com.mt.modules.Launch" tests="1" failures="0" timestamp="15 Sep 2019 03:04:22 GMT" time="39.748" errors="0">
  <testcase name="executeLaunch" time="39.748" classname="com.mt.modules.Launch"/>
</testsuite> <!-- com.mt.modules.Launch -->
