<?xml version="1.0" encoding="UTF-8"?>
<!-- Generated by org.testng.reporters.JUnitReportReporter -->
<testsuite skipped="0" hostname="DESKTOP-06OUV9F" name="com.mt.modules.Login" tests="1" failures="0" timestamp="15 Sep 2019 03:04:22 GMT" time="7.465" errors="0">
  <testcase name="executeLogin" time="7.465" classname="com.mt.modules.Login"/>
</testsuite> <!-- com.mt.modules.Login -->
